0 info it worked if it ends with ok
1 verbose cli [ 'node', '/usr/local/bin/npm', 'install', 'annimate' ]
2 info using npm@2.11.3
3 info using node@v0.12.7
4 verbose install initial load of /Users/ml/GitHub/variantdb/package.json
5 warn package.json variantdb@1.0.0 No description
6 warn package.json variantdb@1.0.0 No README data
7 verbose installManyTop reading scoped package data from /Users/ml/GitHub/variantdb/node_modules/angular/package.json
8 verbose installManyTop reading scoped package data from /Users/ml/GitHub/variantdb/node_modules/angular-animate/package.json
9 verbose installManyTop reading scoped package data from /Users/ml/GitHub/variantdb/node_modules/angular-chart.js/package.json
10 verbose installManyTop reading scoped package data from /Users/ml/GitHub/variantdb/node_modules/angular-d3kit-adapter/package.json
11 verbose installManyTop reading scoped package data from /Users/ml/GitHub/variantdb/node_modules/angular-notify-2.5.0/package.json
12 verbose installManyTop reading scoped package data from /Users/ml/GitHub/variantdb/node_modules/angular-route/package.json
13 verbose installManyTop reading scoped package data from /Users/ml/GitHub/variantdb/node_modules/angular-smart-table/package.json
14 verbose installManyTop reading scoped package data from /Users/ml/GitHub/variantdb/node_modules/angular-touch/package.json
15 verbose installManyTop reading scoped package data from /Users/ml/GitHub/variantdb/node_modules/angular-ui-grid/package.json
16 verbose installManyTop reading scoped package data from /Users/ml/GitHub/variantdb/node_modules/body-parser/package.json
17 verbose installManyTop reading scoped package data from /Users/ml/GitHub/variantdb/node_modules/bootstrap/package.json
18 verbose installManyTop reading scoped package data from /Users/ml/GitHub/variantdb/node_modules/chart.js/package.json
19 verbose installManyTop reading scoped package data from /Users/ml/GitHub/variantdb/node_modules/d3kit/package.json
20 verbose installManyTop reading scoped package data from /Users/ml/GitHub/variantdb/node_modules/express/package.json
21 verbose installManyTop reading scoped package data from /Users/ml/GitHub/variantdb/node_modules/jquery/package.json
22 verbose installManyTop reading scoped package data from /Users/ml/GitHub/variantdb/node_modules/method-override/package.json
23 verbose installManyTop reading scoped package data from /Users/ml/GitHub/variantdb/node_modules/morgan/package.json
24 verbose installManyTop reading scoped package data from /Users/ml/GitHub/variantdb/node_modules/ng-table-1.0.0-beta.6/package.json
25 verbose installManyTop reading scoped package data from /Users/ml/GitHub/variantdb/node_modules/request/package.json
26 verbose installManyTop reading scoped package data from /Users/ml/GitHub/variantdb/node_modules/seraph/package.json
27 verbose installManyTop reading scoped package data from /Users/ml/GitHub/variantdb/node_modules/serve-favicon/package.json
28 info package.json chart.js@1.0.2 No license field.
29 info package.json jquery@2.1.4 No license field.
30 info package.json angular-notify@2.5.0 No license field.
31 info package.json ng-table@1.0.0-beta.6 license should be a valid SPDX license expression
32 verbose readDependencies loading dependencies from /Users/ml/GitHub/variantdb/package.json
33 silly cache add args [ 'annimate', null ]
34 verbose cache add spec annimate
35 silly cache add parsed spec { raw: 'annimate',
35 silly cache add   scope: null,
35 silly cache add   name: 'annimate',
35 silly cache add   rawSpec: '',
35 silly cache add   spec: '*',
35 silly cache add   type: 'range' }
36 silly addNamed annimate@*
37 verbose addNamed "*" is a valid semver range for annimate
38 silly addNameRange { name: 'annimate', range: '*', hasData: false }
39 silly mapToRegistry name annimate
40 silly mapToRegistry using default registry
41 silly mapToRegistry registry https://registry.npmjs.org/
42 silly mapToRegistry uri https://registry.npmjs.org/annimate
43 verbose addNameRange registry:https://registry.npmjs.org/annimate not in flight; fetching
44 verbose request uri https://registry.npmjs.org/annimate
45 verbose request no auth needed
46 info attempt registry request try #1 at 3:36:52 PM
47 verbose request id 39cc7d66596bd4f2
48 http request GET https://registry.npmjs.org/annimate
49 http 404 https://registry.npmjs.org/annimate
50 verbose headers { 'content-type': 'application/json',
50 verbose headers   'cache-control': 'max-age=0',
50 verbose headers   'content-length': '2',
50 verbose headers   'accept-ranges': 'bytes',
50 verbose headers   date: 'Fri, 09 Oct 2015 14:36:53 GMT',
50 verbose headers   via: '1.1 varnish',
50 verbose headers   age: '0',
50 verbose headers   connection: 'keep-alive',
50 verbose headers   'x-served-by': 'cache-lhr6322-LHR',
50 verbose headers   'x-cache': 'MISS',
50 verbose headers   'x-cache-hits': '0',
50 verbose headers   'x-timer': 'S1444401413.301873,VS0,VE167' }
51 silly get cb [ 404,
51 silly get   { 'content-type': 'application/json',
51 silly get     'cache-control': 'max-age=0',
51 silly get     'content-length': '2',
51 silly get     'accept-ranges': 'bytes',
51 silly get     date: 'Fri, 09 Oct 2015 14:36:53 GMT',
51 silly get     via: '1.1 varnish',
51 silly get     age: '0',
51 silly get     connection: 'keep-alive',
51 silly get     'x-served-by': 'cache-lhr6322-LHR',
51 silly get     'x-cache': 'MISS',
51 silly get     'x-cache-hits': '0',
51 silly get     'x-timer': 'S1444401413.301873,VS0,VE167' } ]
52 verbose stack Error: Registry returned 404 for GET on https://registry.npmjs.org/annimate
52 verbose stack     at CachingRegistryClient.<anonymous> (/usr/local/lib/node_modules/npm/node_modules/npm-registry-client/lib/request.js:239:14)
52 verbose stack     at Request._callback (/usr/local/lib/node_modules/npm/node_modules/npm-registry-client/lib/request.js:170:14)
52 verbose stack     at Request.self.callback (/usr/local/lib/node_modules/npm/node_modules/request/request.js:354:22)
52 verbose stack     at Request.emit (events.js:110:17)
52 verbose stack     at Request.<anonymous> (/usr/local/lib/node_modules/npm/node_modules/request/request.js:1207:14)
52 verbose stack     at Request.emit (events.js:129:20)
52 verbose stack     at IncomingMessage.<anonymous> (/usr/local/lib/node_modules/npm/node_modules/request/request.js:1153:12)
52 verbose stack     at IncomingMessage.emit (events.js:129:20)
52 verbose stack     at _stream_readable.js:908:16
52 verbose stack     at process._tickCallback (node.js:355:11)
53 verbose statusCode 404
54 verbose pkgid annimate
55 verbose cwd /Users/ml/GitHub/variantdb
56 error Darwin 15.0.0
57 error argv "node" "/usr/local/bin/npm" "install" "annimate"
58 error node v0.12.7
59 error npm  v2.11.3
60 error code E404
61 error 404 Registry returned 404 for GET on https://registry.npmjs.org/annimate
61 error 404
61 error 404 'annimate' is not in the npm registry.
61 error 404 You should bug the author to publish it (or use the name yourself!)
61 error 404 It was specified as a dependency of 'variantdb'
61 error 404
61 error 404 Note that you can also install from a
61 error 404 tarball, folder, http url, or git url.
62 verbose exit [ 1, true ]
